<?xml version="1.0" encoding="UTF-8"?>
<!-- Generated by org.testng.reporters.JUnitReportReporter -->
<testsuite hostname="DESKTOP-AT83ANU" failures="0" tests="3" name="Com_Test_2.TC_004" time="36.007" errors="0" timestamp="2025-02-13T22:49:18 IST" skipped="0">
  <testcase classname="Com_Test_2.TC_004" name="TearDown" time="0.002"/>
  <testcase classname="Com_Test_2.TC_004" name="Setup" time="35.686"/>
  <testcase classname="Com_Test_2.TC_004" name="Excell" time="0.319"/>
</testsuite> <!-- Com_Test_2.TC_004 -->
