<?xml version="1.0" encoding="UTF-8"?>
<!-- Generated by org.testng.reporters.JUnitReportReporter -->
<testsuite hostname="DESKTOP-AT83ANU" failures="0" tests="1" name="Com_Test_2.WebElement_ACCESS" time="52.430" errors="0" timestamp="2025-02-14T09:42:13 IST" skipped="0">
  <testcase classname="Com_Test_2.WebElement_ACCESS" name="Test" time="52.430"/>
</testsuite> <!-- Com_Test_2.WebElement_ACCESS -->
