<?xml version="1.0" encoding="UTF-8"?>
<!-- Generated by org.testng.reporters.JUnitReportReporter -->
<testsuite hostname="DESKTOP-AT83ANU" failures="0" tests="1" name="Com_Test_2.WebElement_ACCESS" time="17.861" errors="0" timestamp="2025-02-12T17:34:06 IST" skipped="0">
  <testcase classname="Com_Test_2.WebElement_ACCESS" name="Test" time="17.861"/>
</testsuite> <!-- Com_Test_2.WebElement_ACCESS -->
