<?xml version="1.0" encoding="UTF-8"?>
<!-- Generated by org.testng.reporters.JUnitReportReporter -->
<testsuite hostname="DESKTOP-AT83ANU" failures="0" tests="2" name="Com_Test_2.Base_2$Base" time="20.499" errors="0" timestamp="2025-02-12T18:10:13 IST" skipped="0">
  <testcase classname="Com_Test_2.Base_2$Base" name="Setup" time="20.496"/>
  <testcase classname="Com_Test_2.Base_2$Base" name="TearDown" time="0.003"/>
</testsuite> <!-- Com_Test_2.Base_2$Base -->
