<?xml version="1.0" encoding="UTF-8"?>
<!-- Generated by org.testng.reporters.JUnitReportReporter -->
<testsuite hostname="DESKTOP-AT83ANU" failures="0" tests="3" name="Com_Test_2.TC_003" time="25.132" errors="0" timestamp="2025-02-12T18:21:45 IST" skipped="0">
  <testcase classname="Com_Test_2.TC_003" name="TC_003" time="0.217"/>
  <testcase classname="Com_Test_2.TC_003" name="Setup" time="24.907"/>
  <testcase classname="Com_Test_2.TC_003" name="TearDown" time="0.008"/>
</testsuite> <!-- Com_Test_2.TC_003 -->
