<?xml version="1.0" encoding="UTF-8"?>
<!-- Generated by org.testng.reporters.JUnitReportReporter -->
<testsuite hostname="DESKTOP-AT83ANU" failures="0" tests="3" name="Com_Test_2.TC_002" time="19.007" errors="0" timestamp="2025-02-12T17:54:24 IST" skipped="0">
  <testcase classname="Com_Test_2.TC_002" name="TC_002" time="3.116"/>
  <testcase classname="Com_Test_2.TC_002" name="TearDown" time="0.006"/>
  <testcase classname="Com_Test_2.TC_002" name="Setup" time="15.885"/>
</testsuite> <!-- Com_Test_2.TC_002 -->
