<?xml version="1.0" encoding="UTF-8"?>
<!-- Generated by org.testng.reporters.JUnitReportReporter -->
<testsuite hostname="DESKTOP-AT83ANU" failures="0" tests="2" name="Com_Test_2.Base" time="21.075" errors="0" timestamp="2025-02-12T17:39:58 IST" skipped="0">
  <testcase classname="Com_Test_2.Base" name="Setup" time="18.261"/>
  <testcase classname="Com_Test_2.Base" name="TearDown" time="2.814"/>
</testsuite> <!-- Com_Test_2.Base -->
